<?xml version="1.0" encoding="UTF-8"?>
<testsuite name="tddstart.AppTest" tests="1" skipped="0" failures="0" errors="0" timestamp="2022-10-13T13:57:41" hostname="TAREK" time="0.006">
  <properties/>
  <testcase name="appHasAGreeting" classname="tddstart.AppTest" time="0.006"/>
  <system-out><![CDATA[]]></system-out>
  <system-err><![CDATA[]]></system-err>
</testsuite>
